<?xml version="1.0" encoding="UTF-8"?>
<testng-results skipped="0" failed="0" ignored="0" total="2" passed="2">
  <reporter-output>
  </reporter-output>
  <suite name="Suite" duration-ms="18502" started-at="2020-01-24T18:28:01 IST" finished-at="2020-01-24T18:28:19 IST">
    <groups>
    </groups>
    <test name="ChromeTest" duration-ms="14013" started-at="2020-01-24T18:28:01 IST" finished-at="2020-01-24T18:28:15 IST">
      <class name="com.unimoni.testng.ParallelEx">
        <test-method status="PASS" signature="init(java.lang.String)[pri:0, instance:com.unimoni.testng.ParallelEx@9660f4e]" name="init" is-config="true" duration-ms="4285" started-at="2020-01-24T18:28:01 IST" finished-at="2020-01-24T18:28:05 IST">
          <params>
            <param index="0">
              <value>
                <![CDATA[chrome]]>
              </value>
            </param>
          </params>
          <reporter-output>
          </reporter-output>
        </test-method> <!-- init -->
        <test-method status="PASS" signature="googleSearch_one()[pri:0, instance:com.unimoni.testng.ParallelEx@9660f4e]" name="googleSearch_one" duration-ms="8932" started-at="2020-01-24T18:28:05 IST" finished-at="2020-01-24T18:28:14 IST">
          <reporter-output>
          </reporter-output>
        </test-method> <!-- googleSearch_one -->
        <test-method status="PASS" signature="teardown()[pri:0, instance:com.unimoni.testng.ParallelEx@9660f4e]" name="teardown" is-config="true" duration-ms="769" started-at="2020-01-24T18:28:14 IST" finished-at="2020-01-24T18:28:15 IST">
          <reporter-output>
          </reporter-output>
        </test-method> <!-- teardown -->
      </class> <!-- com.unimoni.testng.ParallelEx -->
    </test> <!-- ChromeTest -->
    <test name="FirefoxTest" duration-ms="18502" started-at="2020-01-24T18:28:01 IST" finished-at="2020-01-24T18:28:19 IST">
      <class name="com.unimoni.testng.ParallelEx">
        <test-method status="PASS" signature="init(java.lang.String)[pri:0, instance:com.unimoni.testng.ParallelEx@53f65459]" name="init" is-config="true" duration-ms="7682" started-at="2020-01-24T18:28:01 IST" finished-at="2020-01-24T18:28:09 IST">
          <params>
            <param index="0">
              <value>
                <![CDATA[firefox]]>
              </value>
            </param>
          </params>
          <reporter-output>
          </reporter-output>
        </test-method> <!-- init -->
        <test-method status="PASS" signature="googleSearch_one()[pri:0, instance:com.unimoni.testng.ParallelEx@53f65459]" name="googleSearch_one" duration-ms="5609" started-at="2020-01-24T18:28:09 IST" finished-at="2020-01-24T18:28:14 IST">
          <reporter-output>
          </reporter-output>
        </test-method> <!-- googleSearch_one -->
        <test-method status="PASS" signature="teardown()[pri:0, instance:com.unimoni.testng.ParallelEx@53f65459]" name="teardown" is-config="true" duration-ms="5204" started-at="2020-01-24T18:28:14 IST" finished-at="2020-01-24T18:28:19 IST">
          <reporter-output>
          </reporter-output>
        </test-method> <!-- teardown -->
      </class> <!-- com.unimoni.testng.ParallelEx -->
    </test> <!-- FirefoxTest -->
  </suite> <!-- Suite -->
</testng-results>
